\BOOKMARK [0][-]{chapter*.1}{\376\377\144\130\000\040\000\040\211\201}{}% 1
\BOOKMARK [0][-]{chapter*.2}{\376\377\000A\000b\000s\000t\000r\000a\000c\000t}{}% 2
\BOOKMARK [0][-]{chapter*.3}{\376\377\166\356\137\125}{}% 3
\BOOKMARK [0][-]{chapter.1}{\376\377\176\352\213\272}{}% 4
\BOOKMARK [1][-]{section.1.1}{\376\377\170\024\172\166\200\314\146\157\124\214\141\017\116\111}{chapter.1}% 5
\BOOKMARK [1][-]{section.1.2}{\376\377\123\213\177\051\141\037\167\345\166\204\127\372\147\054\164\006\213\272}{chapter.1}% 6
\BOOKMARK [2][-]{subsection.1.2.1}{\376\377\172\000\165\217\140\047}{section.1.2}% 7
\BOOKMARK [2][-]{subsection.1.2.2}{\376\377\221\307\150\067\167\351\226\065}{section.1.2}% 8
\BOOKMARK [2][-]{subsection.1.2.3}{\376\377\227\136\176\277\140\047\221\315\136\372\173\227\154\325}{section.1.2}% 9
\BOOKMARK [2][-]{subsection.1.2.4}{\376\377\147\054\202\202\134\017\176\323}{section.1.2}% 10
\BOOKMARK [1][-]{section.1.3}{\376\377\127\372\116\216\123\213\177\051\141\037\167\345\000M\000R\221\315\136\372\166\204\170\024\172\166\163\260\162\266}{chapter.1}% 11
\BOOKMARK [2][-]{subsection.1.3.1}{\376\377\172\000\165\217\140\047}{section.1.3}% 12
\BOOKMARK [2][-]{subsection.1.3.2}{\376\377\221\307\150\067\152\041\137\017}{section.1.3}% 13
\BOOKMARK [2][-]{subsection.1.3.3}{\376\377\221\315\136\372\152\041\127\213}{section.1.3}% 14
\BOOKMARK [2][-]{subsection.1.3.4}{\376\377\122\250\140\001\000M\000R\126\376\120\317\166\204\221\315\136\372\152\041\127\213}{section.1.3}% 15
\BOOKMARK [2][-]{subsection.1.3.5}{\376\377\147\054\202\202\134\017\176\323}{section.1.3}% 16
\BOOKMARK [1][-]{section.1.4}{\376\377\170\301\121\161\143\057\143\007\176\271\166\204\170\024\172\166\163\260\162\266}{chapter.1}% 17
\BOOKMARK [2][-]{subsection.1.4.1}{\376\377\117\341\123\367\203\267\123\326}{section.1.4}% 18
\BOOKMARK [2][-]{subsection.1.4.2}{\376\377\133\127\121\170\165\037\142\020}{section.1.4}% 19
\BOOKMARK [2][-]{subsection.1.4.3}{\376\377\123\302\145\160\126\376\221\315\136\372}{section.1.4}% 20
\BOOKMARK [2][-]{subsection.1.4.4}{\376\377\147\054\202\202\134\017\176\323}{section.1.4}% 21
\BOOKMARK [1][-]{section.1.5}{\376\377\147\054\145\207\166\204\116\073\211\201\170\024\172\166\121\205\133\271\124\214\172\340\202\202\133\211\143\222}{chapter.1}% 22
\BOOKMARK [0][-]{chapter.2}{\376\377\200\314\146\157\167\345\213\306}{}% 23
\BOOKMARK [1][-]{section.2.1}{\376\377\000M\000R\000I\127\372\147\054\123\237\164\006}{chapter.2}% 24
\BOOKMARK [2][-]{subsection.2.1.1}{\376\377\145\160\133\146\136\372\152\041}{section.2.1}% 25
\BOOKMARK [2][-]{subsection.2.1.2}{\376\377\126\376\120\317\221\315\136\372}{section.2.1}% 26
\BOOKMARK [2][-]{subsection.2.1.3}{\376\377\221\307\150\067\217\150\217\371}{section.2.1}% 27
\BOOKMARK [2][-]{subsection.2.1.4}{\376\377\142\020\120\317\136\217\122\027}{section.2.1}% 28
\BOOKMARK [2][-]{subsection.2.1.5}{\376\377\147\054\202\202\134\017\176\323}{section.2.1}% 29
\BOOKMARK [1][-]{section.2.2}{\376\377\142\151\134\125\166\370\126\376}{chapter.2}% 30
\BOOKMARK [2][-]{subsection.2.2.1}{\376\377\221\115\177\156\162\266\140\001\167\351\226\065}{section.2.2}% 31
\BOOKMARK [2][-]{subsection.2.2.2}{\376\377\122\006\123\072\162\266\140\001\145\271\154\325}{section.2.2}% 32
\BOOKMARK [2][-]{subsection.2.2.3}{\376\377\121\166\116\326\126\340\175\040\166\204\117\134\165\050}{section.2.2}% 33
\BOOKMARK [2][-]{subsection.2.2.4}{\376\377\147\000\176\310\152\041\127\213}{section.2.2}% 34
\BOOKMARK [2][-]{subsection.2.2.5}{\376\377\147\054\202\202\134\017\176\323}{section.2.2}% 35
\BOOKMARK [1][-]{section.2.3}{\376\377\147\054\172\340\140\073\176\323}{chapter.2}% 36
\BOOKMARK [0][-]{chapter.3}{\376\377\122\250\140\001\000M\000R\126\376\120\317\166\204\117\116\171\351\124\214\172\000\165\217\122\006\211\343\152\041\127\213}{}% 37
\BOOKMARK [1][-]{section.3.1}{\376\377\152\041\127\213\166\204\143\320\121\372}{chapter.3}% 38
\BOOKMARK [2][-]{subsection.3.1.1}{\376\377\117\116\171\351\167\351\226\065\210\145\121\150}{section.3.1}% 39
\BOOKMARK [2][-]{subsection.3.1.2}{\376\377\116\214\226\066\145\366\172\172\000T\000G\000V\154\333\121\375}{section.3.1}% 40
\BOOKMARK [2][-]{subsection.3.1.3}{\376\377\143\320\121\372\152\041\127\213}{section.3.1}% 41
\BOOKMARK [1][-]{section.3.2}{\376\377\152\041\127\213\166\204\171\273\145\143\123\026\124\214\173\227\154\325}{chapter.3}% 42
\BOOKMARK [2][-]{subsection.3.2.1}{\376\377\152\041\127\213\171\273\145\143\123\026}{section.3.2}% 43
\BOOKMARK [2][-]{subsection.3.2.2}{\376\377\000P\000r\000i\000m\000a\000l\000-\000D\000u\000a\000l\173\227\154\325\123\312\145\066\145\133\147\141\116\366}{section.3.2}% 44
\BOOKMARK [1][-]{section.3.3}{\376\377\133\236\232\214\213\276\177\156}{chapter.3}% 45
\BOOKMARK [2][-]{subsection.3.3.1}{\376\377\133\236\232\214\145\160\143\156}{section.3.3}% 46
\BOOKMARK [2][-]{subsection.3.3.2}{\376\377\153\324\217\203\145\271\154\325}{section.3.3}% 47
\BOOKMARK [1][-]{section.3.4}{\376\377\133\236\232\214\176\323\147\234}{chapter.3}% 48
\BOOKMARK [1][-]{section.3.5}{\376\377\147\054\172\340\134\017\176\323}{chapter.3}% 49
\BOOKMARK [0][-]{chapter.4}{\376\377\200\370\220\350\000D\000C\000E\000-\000M\000R\000I\123\213\177\051\141\037\167\345\152\041\127\213\116\055\145\366\225\364\172\000\165\217\230\171\166\204\221\317\123\026\213\304\117\060}{}% 50
\BOOKMARK [1][-]{section.4.1}{\376\377\126\376\120\317\221\315\136\372\152\041\127\213}{chapter.4}% 51
\BOOKMARK [2][-]{subsection.4.1.1}{\376\377\000F\000o\000u\000r\000i\000e\000r\123\330\143\142}{section.4.1}% 52
\BOOKMARK [2][-]{subsection.4.1.2}{\376\377\136\014\134\024\134\017\154\342\123\330\143\142}{section.4.1}% 53
\BOOKMARK [2][-]{subsection.4.1.3}{\376\377\121\150\123\330\135\356}{section.4.1}% 54
\BOOKMARK [2][-]{subsection.4.1.4}{\376\377\116\214\226\066\000T\000G\000V}{section.4.1}% 55
\BOOKMARK [2][-]{subsection.4.1.5}{\376\377\150\070\203\003\145\160}{section.4.1}% 56
\BOOKMARK [1][-]{section.4.2}{\376\377\126\376\120\317\221\315\136\372\173\227\154\325}{chapter.4}% 57
\BOOKMARK [2][-]{subsection.4.2.1}{\376\377\000F\000I\000S\000T\000A}{section.4.2}% 58
\BOOKMARK [2][-]{subsection.4.2.2}{\376\377\152\041\127\213\123\302\145\160\220\011\142\351}{section.4.2}% 59
\BOOKMARK [1][-]{section.4.3}{\376\377\133\236\232\214\145\271\154\325}{chapter.4}% 60
\BOOKMARK [2][-]{subsection.4.3.1}{\376\377\145\160\143\156\221\307\226\306}{section.4.3}% 61
\BOOKMARK [2][-]{subsection.4.3.2}{\376\377\116\013\221\307\150\067\145\271\154\325}{section.4.3}% 62
\BOOKMARK [2][-]{subsection.4.3.3}{\376\377\213\304\117\060\145\271\154\325}{section.4.3}% 63
\BOOKMARK [2][-]{subsection.4.3.4}{\376\377\172\013\136\217\217\320\210\114}{section.4.3}% 64
\BOOKMARK [1][-]{section.4.4}{\376\377\133\236\232\214\176\323\147\234}{chapter.4}% 65
\BOOKMARK [2][-]{subsection.4.4.1}{\376\377\126\376\120\317\215\050\221\317}{section.4.4}% 66
\BOOKMARK [2][-]{subsection.4.4.2}{\376\377\123\302\145\160\174\276\136\246}{section.4.4}% 67
\BOOKMARK [1][-]{section.4.5}{\376\377\133\236\232\214\122\006\147\220}{chapter.4}% 68
\BOOKMARK [1][-]{section.4.6}{\376\377\147\054\172\340\134\017\176\323}{chapter.4}% 69
\BOOKMARK [0][-]{chapter.5}{\376\377\127\372\116\216\000G\000P\000U\166\204\133\236\145\366\170\301\121\161\143\057\143\007\176\271\166\204\133\127\121\170\165\037\142\020\124\214\123\071\221\115}{}% 70
\BOOKMARK [1][-]{section.5.1}{\376\377\000M\000R\000F\166\204\116\073\211\201\225\356\230\230}{chapter.5}% 71
\BOOKMARK [1][-]{section.5.2}{\376\377\000s\000n\000a\000p\000M\000R\000F\116\343\170\001\176\323\147\204}{chapter.5}% 72
\BOOKMARK [1][-]{section.5.3}{\376\377\000G\000P\000U\150\070\121\375\145\160\166\204\122\237\200\375}{chapter.5}% 73
\BOOKMARK [1][-]{section.5.4}{\376\377\123\125\121\103\155\113\213\325}{chapter.5}% 74
\BOOKMARK [2][-]{subsection.5.4.1}{\376\377\201\352\145\313\126\336\154\342}{section.5.4}% 75
\BOOKMARK [2][-]{subsection.5.4.2}{\376\377\231\161\124\214\140\142\131\015\136\217\122\027}{section.5.4}% 76
\BOOKMARK [2][-]{subsection.5.4.3}{\376\377\145\340\232\160\214\153\137\353\220\037\201\352\145\313\126\336\154\342}{section.5.4}% 77
\BOOKMARK [2][-]{subsection.5.4.4}{\376\377\147\011\232\160\214\153\137\353\220\037\201\352\145\313\126\336\154\342}{section.5.4}% 78
\BOOKMARK [2][-]{subsection.5.4.5}{\376\377\137\353\220\037\150\257\136\246\126\336\154\342}{section.5.4}% 79
\BOOKMARK [2][-]{subsection.5.4.6}{\376\377\000B\000l\000o\000c\000h\145\271\172\013}{section.5.4}% 80
\BOOKMARK [2][-]{subsection.5.4.7}{\376\377\000E\000P\000G\152\041\127\213}{section.5.4}% 81
\BOOKMARK [2][-]{subsection.5.4.8}{\376\377\133\127\121\170\201\352\123\071\221\115}{section.5.4}% 82
\BOOKMARK [1][-]{section.5.5}{\376\377\133\236\232\214\145\271\154\325}{chapter.5}% 83
\BOOKMARK [2][-]{subsection.5.5.1}{\376\377\217\320\210\114\145\366\225\364}{section.5.5}% 84
\BOOKMARK [2][-]{subsection.5.5.2}{\376\377\123\302\145\160\174\276\136\246}{section.5.5}% 85
\BOOKMARK [2][-]{subsection.5.5.3}{\376\377\126\376\120\317\215\050\221\317}{section.5.5}% 86
\BOOKMARK [2][-]{subsection.5.5.4}{\376\377\172\013\136\217\217\157\116\366}{section.5.5}% 87
\BOOKMARK [1][-]{section.5.6}{\376\377\133\236\232\214\176\323\147\234}{chapter.5}% 88
\BOOKMARK [2][-]{subsection.5.6.1}{\376\377\217\320\210\114\145\366\225\364}{section.5.6}% 89
\BOOKMARK [2][-]{subsection.5.6.2}{\376\377\123\302\145\160\174\276\136\246}{section.5.6}% 90
\BOOKMARK [2][-]{subsection.5.6.3}{\376\377\126\376\120\317\215\050\221\317}{section.5.6}% 91
\BOOKMARK [1][-]{section.5.7}{\376\377\133\236\232\214\122\006\147\220}{chapter.5}% 92
\BOOKMARK [1][-]{section.5.8}{\376\377\147\054\172\340\134\017\176\323}{chapter.5}% 93
\BOOKMARK [0][-]{chapter.6}{\376\377\140\073\176\323\116\016\134\125\147\033}{}% 94
\BOOKMARK [1][-]{section.6.1}{\376\377\147\054\145\207\135\345\117\134\166\204\140\073\176\323}{chapter.6}% 95
\BOOKMARK [1][-]{section.6.2}{\376\377\116\013\116\000\153\145\116\000\116\233\134\125\147\033}{chapter.6}% 96
\BOOKMARK [0][-]{chapter*.55}{\376\377\201\364\000\040\000\040\214\042}{}% 97
\BOOKMARK [0][-]{chapter*.56}{\376\377\226\104\000\040\000\040\137\125}{}% 98
